<?xml version="1.0" encoding="UTF-8"?>
<!-- Generated by org.testng.reporters.JUnitXMLReporter -->
<testsuite hostname="ekta3147878-02" ignored="0" name="Test" tests="6" failures="0" timestamp="14 May 2019 06:30:33 GMT" time="0.047" errors="0">
  <testcase name="deletetwitter" time="0.008" classname="qaclickacademy.apiTest"/>
  <testcase name="postjira" time="0.001" classname="qaclickacademy.apiTest"/>
  <testcase name="BrowserAutomation" time="0.002" classname="qaclickacademy.seleniumTest"/>
  <testcase name="elementsui" time="0.001" classname="qaclickacademy.seleniumTest"/>
  <testcase name="iosapp" time="0.004" classname="qaclickacademy.appiumTest"/>
  <testcase name="nativeapps" time="0.001" classname="qaclickacademy.appiumTest"/>
</testsuite> <!-- Test -->
