<?xml version="1.0" encoding="UTF-8"?>
<!-- Generated by org.testng.reporters.JUnitXMLReporter -->
<testsuite hostname="ekta3147878-02" ignored="0" name="Command line test" tests="6" failures="0" timestamp="14 May 2019 12:22:36 GMT" time="0.029" errors="0">
  <testcase name="deletetwitter" time="0.005" classname="qaclickacademy.apiTest"/>
  <testcase name="postjira" time="0.0" classname="qaclickacademy.apiTest"/>
  <testcase name="iosapp" time="0.0" classname="qaclickacademy.appiumTest"/>
  <testcase name="nativeapps" time="0.0" classname="qaclickacademy.appiumTest"/>
  <testcase name="BrowserAutomation" time="0.0" classname="qaclickacademy.seleniumTest"/>
  <testcase name="elementsui" time="0.0" classname="qaclickacademy.seleniumTest"/>
</testsuite> <!-- Command line test -->
