<?xml version="1.0" encoding="UTF-8"?>
<testng-results skipped="0" failed="0" ignored="0" total="6" passed="6">
  <reporter-output>
  </reporter-output>
  <suite name="Command line suite" duration-ms="29" started-at="2019-05-14T12:22:36Z" finished-at="2019-05-14T12:22:36Z">
    <groups>
    </groups>
    <test name="Command line test" duration-ms="29" started-at="2019-05-14T12:22:36Z" finished-at="2019-05-14T12:22:36Z">
      <class name="qaclickacademy.appiumTest">
        <test-method status="PASS" signature="iosapp()[pri:0, instance:qaclickacademy.appiumTest@66d2e7d9]" name="iosapp" duration-ms="0" started-at="2019-05-14T12:22:36Z" finished-at="2019-05-14T12:22:36Z">
          <reporter-output>
          </reporter-output>
        </test-method> <!-- iosapp -->
        <test-method status="PASS" signature="nativeapps()[pri:0, instance:qaclickacademy.appiumTest@66d2e7d9]" name="nativeapps" duration-ms="0" started-at="2019-05-14T12:22:36Z" finished-at="2019-05-14T12:22:36Z">
          <reporter-output>
          </reporter-output>
        </test-method> <!-- nativeapps -->
      </class> <!-- qaclickacademy.appiumTest -->
      <class name="qaclickacademy.apiTest">
        <test-method status="PASS" signature="deletetwitter()[pri:0, instance:qaclickacademy.apiTest@174d20a]" name="deletetwitter" duration-ms="5" started-at="2019-05-14T12:22:36Z" finished-at="2019-05-14T12:22:36Z">
          <reporter-output>
          </reporter-output>
        </test-method> <!-- deletetwitter -->
        <test-method status="PASS" signature="postjira()[pri:0, instance:qaclickacademy.apiTest@174d20a]" name="postjira" duration-ms="0" started-at="2019-05-14T12:22:36Z" finished-at="2019-05-14T12:22:36Z">
          <reporter-output>
          </reporter-output>
        </test-method> <!-- postjira -->
      </class> <!-- qaclickacademy.apiTest -->
      <class name="qaclickacademy.seleniumTest">
        <test-method status="PASS" signature="BrowserAutomation()[pri:0, instance:qaclickacademy.seleniumTest@1efbd816]" name="BrowserAutomation" duration-ms="0" started-at="2019-05-14T12:22:36Z" finished-at="2019-05-14T12:22:36Z">
          <reporter-output>
          </reporter-output>
        </test-method> <!-- BrowserAutomation -->
        <test-method status="PASS" signature="elementsui()[pri:0, instance:qaclickacademy.seleniumTest@1efbd816]" name="elementsui" duration-ms="0" started-at="2019-05-14T12:22:36Z" finished-at="2019-05-14T12:22:36Z">
          <reporter-output>
          </reporter-output>
        </test-method> <!-- elementsui -->
      </class> <!-- qaclickacademy.seleniumTest -->
    </test> <!-- Command line test -->
  </suite> <!-- Command line suite -->
</testng-results>
