<?xml version="1.0" encoding="UTF-8"?>
<testng-results skipped="0" failed="0" ignored="0" total="6" passed="6">
  <reporter-output>
  </reporter-output>
  <suite name="Suite" duration-ms="47" started-at="2019-05-14T06:30:33Z" finished-at="2019-05-14T06:30:33Z">
    <groups>
    </groups>
    <test name="Test" duration-ms="47" started-at="2019-05-14T06:30:33Z" finished-at="2019-05-14T06:30:33Z">
      <class name="qaclickacademy.appiumTest">
        <test-method status="PASS" signature="iosapp()[pri:0, instance:qaclickacademy.appiumTest@1e127982]" name="iosapp" duration-ms="4" started-at="2019-05-14T06:30:33Z" finished-at="2019-05-14T06:30:33Z">
          <reporter-output>
          </reporter-output>
        </test-method> <!-- iosapp -->
        <test-method status="PASS" signature="nativeapps()[pri:0, instance:qaclickacademy.appiumTest@1e127982]" name="nativeapps" duration-ms="1" started-at="2019-05-14T06:30:33Z" finished-at="2019-05-14T06:30:33Z">
          <reporter-output>
          </reporter-output>
        </test-method> <!-- nativeapps -->
      </class> <!-- qaclickacademy.appiumTest -->
      <class name="qaclickacademy.apiTest">
        <test-method status="PASS" signature="deletetwitter()[pri:0, instance:qaclickacademy.apiTest@7e0b0338]" name="deletetwitter" duration-ms="8" started-at="2019-05-14T06:30:33Z" finished-at="2019-05-14T06:30:33Z">
          <reporter-output>
          </reporter-output>
        </test-method> <!-- deletetwitter -->
        <test-method status="PASS" signature="postjira()[pri:0, instance:qaclickacademy.apiTest@7e0b0338]" name="postjira" duration-ms="1" started-at="2019-05-14T06:30:33Z" finished-at="2019-05-14T06:30:33Z">
          <reporter-output>
          </reporter-output>
        </test-method> <!-- postjira -->
      </class> <!-- qaclickacademy.apiTest -->
      <class name="qaclickacademy.seleniumTest">
        <test-method status="PASS" signature="BrowserAutomation()[pri:0, instance:qaclickacademy.seleniumTest@617faa95]" name="BrowserAutomation" duration-ms="2" started-at="2019-05-14T06:30:33Z" finished-at="2019-05-14T06:30:33Z">
          <reporter-output>
          </reporter-output>
        </test-method> <!-- BrowserAutomation -->
        <test-method status="PASS" signature="elementsui()[pri:0, instance:qaclickacademy.seleniumTest@617faa95]" name="elementsui" duration-ms="1" started-at="2019-05-14T06:30:33Z" finished-at="2019-05-14T06:30:33Z">
          <reporter-output>
          </reporter-output>
        </test-method> <!-- elementsui -->
      </class> <!-- qaclickacademy.seleniumTest -->
    </test> <!-- Test -->
  </suite> <!-- Suite -->
</testng-results>
